<?xml version="1.0" encoding="UTF-8"?>
<coverage generated="1657299384846" clover="3.2.0">
  <project timestamp="1657299384846" name="All files">
    <metrics statements="25" coveredstatements="11" conditionals="0" coveredconditionals="0" methods="13" coveredmethods="2" elements="38" coveredelements="13" complexity="0" loc="25" ncloc="25" packages="2" files="5" classes="5"/>
    <package name="components">
      <metrics statements="23" coveredstatements="9" conditionals="0" coveredconditionals="0" methods="13" coveredmethods="2"/>
      <file name="Interact.jsx" path="/Users/filimonkiros/HackReactor/RPP36/Weeks_Jun20_Jul30/Related/FEC_FK/client/src/components/questionsAndAnswers/components/Interact.jsx">
        <metrics statements="8" coveredstatements="2" conditionals="0" coveredconditionals="0" methods="4" coveredmethods="0"/>
        <line num="3" count="1" type="stmt"/>
        <line num="4" count="0" type="stmt"/>
        <line num="5" count="0" type="stmt"/>
        <line num="8" count="1" type="stmt"/>
        <line num="9" count="0" type="stmt"/>
        <line num="14" count="0" type="stmt"/>
        <line num="20" count="0" type="stmt"/>
        <line num="23" count="0" type="stmt"/>
      </file>
      <file name="QuestionsAnswersList.jsx" path="/Users/filimonkiros/HackReactor/RPP36/Weeks_Jun20_Jul30/Related/FEC_FK/client/src/components/questionsAndAnswers/components/QuestionsAnswersList.jsx">
        <metrics statements="3" coveredstatements="1" conditionals="0" coveredconditionals="0" methods="2" coveredmethods="0"/>
        <line num="4" count="1" type="stmt"/>
        <line num="5" count="0" type="stmt"/>
        <line num="8" count="0" type="stmt"/>
      </file>
      <file name="QuestionsListEntry.jsx" path="/Users/filimonkiros/HackReactor/RPP36/Weeks_Jun20_Jul30/Related/FEC_FK/client/src/components/questionsAndAnswers/components/QuestionsListEntry.jsx">
        <metrics statements="2" coveredstatements="1" conditionals="0" coveredconditionals="0" methods="1" coveredmethods="0"/>
        <line num="3" count="1" type="stmt"/>
        <line num="11" count="0" type="stmt"/>
      </file>
      <file name="SearchQuestion.jsx" path="/Users/filimonkiros/HackReactor/RPP36/Weeks_Jun20_Jul30/Related/FEC_FK/client/src/components/questionsAndAnswers/components/SearchQuestion.jsx">
        <metrics statements="10" coveredstatements="5" conditionals="0" coveredconditionals="0" methods="6" coveredmethods="2"/>
        <line num="7" count="1" type="stmt"/>
        <line num="8" count="1" type="stmt"/>
        <line num="11" count="1" type="stmt"/>
        <line num="12" count="1" type="stmt"/>
        <line num="16" count="0" type="stmt"/>
        <line num="19" count="0" type="stmt"/>
        <line num="24" count="0" type="stmt"/>
        <line num="25" count="0" type="stmt"/>
        <line num="30" count="1" type="stmt"/>
        <line num="37" count="0" type="stmt"/>
      </file>
    </package>
    <package name="sampledata">
      <metrics statements="2" coveredstatements="2" conditionals="0" coveredconditionals="0" methods="0" coveredmethods="0"/>
      <file name="sampleQuestions.js" path="/Users/filimonkiros/HackReactor/RPP36/Weeks_Jun20_Jul30/Related/FEC_FK/client/src/components/questionsAndAnswers/sampledata/sampleQuestions.js">
        <metrics statements="2" coveredstatements="2" conditionals="0" coveredconditionals="0" methods="0" coveredmethods="0"/>
        <line num="1" count="1" type="stmt"/>
        <line num="52" count="1" type="stmt"/>
      </file>
    </package>
  </project>
</coverage>
