{"/Users/ai_lam/coding/hackreactor/rpp36/FEC/client/src/components/questionsAndAnswers/components/Interact.jsx": {"path":"/Users/ai_lam/coding/hackreactor/rpp36/FEC/client/src/components/questionsAndAnswers/components/Interact.jsx","statementMap":{"0":{"start":{"line":3,"column":23},"end":{"line":6,"column":1}},"1":{"start":{"line":4,"column":14},"end":{"line":4,"column":24}},"2":{"start":{"line":5,"column":2},"end":{"line":5,"column":93}},"3":{"start":{"line":8,"column":17},"end":{"line":26,"column":1}},"4":{"start":{"line":9,"column":15},"end":{"line":13,"column":3}},"5":{"start":{"line":14,"column":2},"end":{"line":25,"column":5}},"6":{"start":{"line":20,"column":6},"end":{"line":20,"column":42}},"7":{"start":{"line":23,"column":6},"end":{"line":23,"column":43}}},"fnMap":{"0":{"name":"(anonymous_0)","decl":{"start":{"line":3,"column":23},"end":{"line":3,"column":24}},"loc":{"start":{"line":3,"column":29},"end":{"line":6,"column":1}},"line":3},"1":{"name":"(anonymous_1)","decl":{"start":{"line":8,"column":17},"end":{"line":8,"column":18}},"loc":{"start":{"line":8,"column":38},"end":{"line":26,"column":1}},"line":8},"2":{"name":"(anonymous_2)","decl":{"start":{"line":19,"column":13},"end":{"line":19,"column":14}},"loc":{"start":{"line":19,"column":19},"end":{"line":21,"column":5}},"line":19},"3":{"name":"(anonymous_3)","decl":{"start":{"line":22,"column":11},"end":{"line":22,"column":12}},"loc":{"start":{"line":22,"column":17},"end":{"line":24,"column":5}},"line":22}},"branchMap":{},"s":{"0":1,"1":0,"2":0,"3":1,"4":0,"5":0,"6":0,"7":0},"f":{"0":0,"1":0,"2":0,"3":0},"b":{},"_coverageSchema":"1a1c01bbd47fc00a2c39e90264f33305004495a9","hash":"8fcc60607f852fa3dbe9de71ac806483bbee054d"}
,"/Users/ai_lam/coding/hackreactor/rpp36/FEC/client/src/components/questionsAndAnswers/components/QuestionsAnswersList.jsx": {"path":"/Users/ai_lam/coding/hackreactor/rpp36/FEC/client/src/components/questionsAndAnswers/components/QuestionsAnswersList.jsx","statementMap":{"0":{"start":{"line":4,"column":29},"end":{"line":26,"column":1}},"1":{"start":{"line":5,"column":2},"end":{"line":25,"column":4}},"2":{"start":{"line":8,"column":8},"end":{"line":15,"column":10}}},"fnMap":{"0":{"name":"(anonymous_0)","decl":{"start":{"line":4,"column":29},"end":{"line":4,"column":30}},"loc":{"start":{"line":4,"column":40},"end":{"line":26,"column":1}},"line":4},"1":{"name":"(anonymous_1)","decl":{"start":{"line":7,"column":27},"end":{"line":7,"column":28}},"loc":{"start":{"line":7,"column":41},"end":{"line":16,"column":7}},"line":7}},"branchMap":{},"s":{"0":1,"1":0,"2":0},"f":{"0":0,"1":0},"b":{},"_coverageSchema":"1a1c01bbd47fc00a2c39e90264f33305004495a9","hash":"5154e7885a3a49feba7f216588173f4f72f94901"}
,"/Users/ai_lam/coding/hackreactor/rpp36/FEC/client/src/components/questionsAndAnswers/components/QuestionsListEntry.jsx": {"path":"/Users/ai_lam/coding/hackreactor/rpp36/FEC/client/src/components/questionsAndAnswers/components/QuestionsListEntry.jsx","statementMap":{"0":{"start":{"line":3,"column":27},"end":{"line":23,"column":1}},"1":{"start":{"line":11,"column":2},"end":{"line":22,"column":4}}},"fnMap":{"0":{"name":"(anonymous_0)","decl":{"start":{"line":3,"column":27},"end":{"line":3,"column":28}},"loc":{"start":{"line":10,"column":6},"end":{"line":23,"column":1}},"line":10}},"branchMap":{},"s":{"0":1,"1":0},"f":{"0":0},"b":{},"_coverageSchema":"1a1c01bbd47fc00a2c39e90264f33305004495a9","hash":"a1733f75d3c6520911f48604e527f7cbaed3797c"}
,"/Users/ai_lam/coding/hackreactor/rpp36/FEC/client/src/components/questionsAndAnswers/components/SearchQuestion.jsx": {"path":"/Users/ai_lam/coding/hackreactor/rpp36/FEC/client/src/components/questionsAndAnswers/components/SearchQuestion.jsx","statementMap":{"0":{"start":{"line":7,"column":4},"end":{"line":7,"column":17}},"1":{"start":{"line":8,"column":4},"end":{"line":10,"column":6}},"2":{"start":{"line":11,"column":4},"end":{"line":11,"column":57}},"3":{"start":{"line":12,"column":4},"end":{"line":12,"column":45}},"4":{"start":{"line":16,"column":4},"end":{"line":20,"column":7}},"5":{"start":{"line":19,"column":6},"end":{"line":19,"column":29}},"6":{"start":{"line":24,"column":4},"end":{"line":24,"column":23}},"7":{"start":{"line":25,"column":4},"end":{"line":25,"column":39}},"8":{"start":{"line":30,"column":4},"end":{"line":46,"column":5}},"9":{"start":{"line":37,"column":30},"end":{"line":37,"column":67}}},"fnMap":{"0":{"name":"(anonymous_0)","decl":{"start":{"line":6,"column":2},"end":{"line":6,"column":3}},"loc":{"start":{"line":6,"column":21},"end":{"line":13,"column":3}},"line":6},"1":{"name":"(anonymous_1)","decl":{"start":{"line":15,"column":2},"end":{"line":15,"column":3}},"loc":{"start":{"line":15,"column":14},"end":{"line":21,"column":3}},"line":15},"2":{"name":"(anonymous_2)","decl":{"start":{"line":18,"column":7},"end":{"line":18,"column":8}},"loc":{"start":{"line":18,"column":13},"end":{"line":20,"column":5}},"line":18},"3":{"name":"(anonymous_3)","decl":{"start":{"line":23,"column":2},"end":{"line":23,"column":3}},"loc":{"start":{"line":23,"column":20},"end":{"line":27,"column":3}},"line":23},"4":{"name":"(anonymous_4)","decl":{"start":{"line":29,"column":2},"end":{"line":29,"column":3}},"loc":{"start":{"line":29,"column":11},"end":{"line":47,"column":3}},"line":29},"5":{"name":"(anonymous_5)","decl":{"start":{"line":37,"column":23},"end":{"line":37,"column":24}},"loc":{"start":{"line":37,"column":29},"end":{"line":37,"column":68}},"line":37}},"branchMap":{},"s":{"0":0,"1":0,"2":0,"3":0,"4":0,"5":0,"6":0,"7":0,"8":0,"9":0},"f":{"0":0,"1":0,"2":0,"3":0,"4":0,"5":0},"b":{},"_coverageSchema":"1a1c01bbd47fc00a2c39e90264f33305004495a9","hash":"bf6740acaf116e92eb5f5939d01b277176623da7"}
,"/Users/ai_lam/coding/hackreactor/rpp36/FEC/client/src/components/questionsAndAnswers/sampledata/sampleQuestions.js": {"path":"/Users/ai_lam/coding/hackreactor/rpp36/FEC/client/src/components/questionsAndAnswers/sampledata/sampleQuestions.js","statementMap":{"0":{"start":{"line":1,"column":18},"end":{"line":50,"column":1}},"1":{"start":{"line":52,"column":0},"end":{"line":52,"column":27}}},"fnMap":{},"branchMap":{},"s":{"0":1,"1":1},"f":{},"b":{},"_coverageSchema":"1a1c01bbd47fc00a2c39e90264f33305004495a9","hash":"b29addbc7c30ecd08e63c0deab998113142a6593"}
}
